[ INFO ] Installing package(s): rsyslog firewalld postfix mariadb mariadb-server perl-DBD-MySQL php-common php-fpm php-gd php-xml php-mysql php-ldap php-pgsql php-imap php-mbstring php-pecl-apc php-intl php-mcrypt nginx dovecot dovecot-pigeonhole dovecot-mysql amavisd-new spamassassin altermime perl-LDAP perl-Mail-SPF unrar pax lz4 clamav clamav-update clamav-server clamav-server-systemd mlmmj uwsgi-logger-syslog php-pear-Net-IDNA2 python-sqlalchemy python-setuptools python-dns MySQL-python python-jinja2 python-webpy python-netifaces python-pycurl python-requests py-bcrypt uwsgi uwsgi-plugin-python2 fail2ban curl libmnl libuuid lm_sensors nc PyYAML zlib iproute unzip bzip2 acl patch tmpwatch crontabs dos2unix logwatch lz4
Loaded plugins: fastestmirror
Loading mirror speeds from cached hostfile
 * base: mirror.hostduplex.com
 * epel: d2lzkl7pfhq30w.cloudfront.net
 * extras: mirror.fileplanet.com
 * remi-php55: mirror.sjc02.svwh.net
 * remi-php56: mirror.sjc02.svwh.net
 * remi-safe: mirror.sjc02.svwh.net
 * remi-test: mirror.sjc02.svwh.net
 * updates: mirror.san.fastserv.com
Package rsyslog-8.24.0-41.el7_7.4.x86_64 already installed and latest version
Package firewalld-0.6.3-2.el7_7.4.noarch already installed and latest version
Package 2:postfix-2.10.1-7.el7.x86_64 already installed and latest version
Package 1:mariadb-5.5.64-1.el7.x86_64 already installed and latest version
Package 1:mariadb-server-5.5.64-1.el7.x86_64 already installed and latest version
Package perl-DBD-MySQL-4.023-6.el7.x86_64 already installed and latest version
Package php-common-5.6.40-19.el7.remi.x86_64 already installed and latest version
Package php-fpm-5.6.40-19.el7.remi.x86_64 already installed and latest version
Package php-gd-5.6.40-19.el7.remi.x86_64 already installed and latest version
Package php-xml-5.6.40-19.el7.remi.x86_64 already installed and latest version
Package php-mysql-5.4.16-46.1.el7_7.x86_64 is obsoleted by php-mysqlnd-5.6.40-19.el7.remi.x86_64 which is already installed
Package php-ldap-5.6.40-19.el7.remi.x86_64 already installed and latest version
Package php-pgsql-5.6.40-19.el7.remi.x86_64 already installed and latest version
Package php-imap-5.6.40-19.el7.remi.x86_64 already installed and latest version
Package php-mbstring-5.6.40-19.el7.remi.x86_64 already installed and latest version
Package php-pecl-apcu-4.0.11-2.el7.remi.5.6.x86_64 already installed and latest version
Package php-intl-5.6.40-19.el7.remi.x86_64 already installed and latest version
Package php-mcrypt-5.6.40-19.el7.remi.x86_64 already installed and latest version
Package 1:nginx-1.16.1-1.el7.ngx.x86_64 already installed and latest version
Package 1:dovecot-2.2.36.4-2.el7.x86_64 already installed and latest version
Package 1:dovecot-pigeonhole-2.2.36.4-2.el7.x86_64 already installed and latest version
Package 1:dovecot-mysql-2.2.36.4-2.el7.x86_64 already installed and latest version
Package amavisd-new-2.11.1-1.el7.noarch already installed and latest version
Package spamassassin-3.4.0-5.el7_7.x86_64 already installed and latest version
Package altermime-0.3.10-10.el7.x86_64 already installed and latest version
Package 1:perl-LDAP-0.56-6.el7.noarch already installed and latest version
Package perl-Mail-SPF-2.8.0-4.el7.noarch already installed and latest version
Package unrar-5.0.3-1.el7.rf.x86_64 already installed and latest version
Package pax-3.4-19.el7.x86_64 already installed and latest version
Package lz4-1.7.5-3.el7.x86_64 already installed and latest version
Package clamav-0.102.2-4.el7.x86_64 already installed and latest version
Package clamav-update-0.102.2-4.el7.x86_64 already installed and latest version
Package clamd-0.102.2-4.el7.x86_64 already installed and latest version
Package clamd-0.102.2-4.el7.x86_64 already installed and latest version
Package mlmmj-1.3.0-1.el7.x86_64 already installed and latest version
Package uwsgi-logger-syslog-2.0.17.1-2.el7.x86_64 already installed and latest version
Package php-pear-Net-IDNA2-0.1.1-10.el7.noarch already installed and latest version
Package python-sqlalchemy-0.9.8-2.el7.x86_64 already installed and latest version
Package python-setuptools-0.9.8-7.el7.noarch already installed and latest version
Package python-dns-1.12.0-4.20150617git465785f.el7.noarch already installed and latest version
Package MySQL-python-1.2.5-1.el7.x86_64 already installed and latest version
Package python-jinja2-2.7.2-4.el7.noarch already installed and latest version
Package python-webpy-0.37-8.el7.noarch already installed and latest version
Package python-netifaces-0.10.4-3.el7.x86_64 already installed and latest version
Package python-pycurl-7.19.0-19.el7.x86_64 already installed and latest version
Package python-requests-2.6.0-9.el7_7.noarch already installed and latest version
Package python2-bcrypt-3.1.6-2.el7.x86_64 already installed and latest version
Package uwsgi-2.0.17.1-2.el7.x86_64 already installed and latest version
Package uwsgi-plugin-python2-2.0.17.1-2.el7.x86_64 already installed and latest version
Package fail2ban-0.10.5-2.el7.noarch already installed and latest version
Package curl-7.29.0-54.el7_7.2.x86_64 already installed and latest version
Package libmnl-1.0.3-7.el7.x86_64 already installed and latest version
Package libuuid-2.23.2-61.el7_7.1.x86_64 already installed and latest version
Package lm_sensors-3.4.0-8.20160601gitf9185e5.el7.x86_64 already installed and latest version
Package 2:nmap-ncat-6.40-19.el7.x86_64 already installed and latest version
Package PyYAML-3.10-11.el7.x86_64 already installed and latest version
Package zlib-1.2.7-18.el7.x86_64 already installed and latest version
Package iproute-4.11.0-25.el7_7.2.x86_64 already installed and latest version
Package unzip-6.0-20.el7.x86_64 already installed and latest version
Package bzip2-1.0.6-13.el7.x86_64 already installed and latest version
Package acl-2.2.51-14.el7.x86_64 already installed and latest version
Package patch-2.7.1-12.el7_7.x86_64 already installed and latest version
Package tmpwatch-2.11-6.el7.x86_64 already installed and latest version
Package crontabs-1.11-6.20121102git.el7.noarch already installed and latest version
Package dos2unix-6.0.3-7.el7.x86_64 already installed and latest version
Package logwatch-7.4.0-35.20130522svn140.el7_5.noarch already installed and latest version
Package lz4-1.7.5-3.el7.x86_64 already installed and latest version
Nothing to do
